#
# A fatal error has been detected by the Java Runtime Environment:
#
#  SIGSEGV (0xb) at pc=0x00007fff957000dd, pid=1097, tid=1811
#
# JRE version: Java(TM) SE Runtime Environment (8.0_65-b17) (build 1.8.0_65-b17)
# Java VM: Java HotSpot(TM) 64-Bit Server VM (25.65-b01 mixed mode bsd-amd64 compressed oops)
# Problematic frame:
# C  [libobjc.A.dylib+0x10dd]  objc_msgSend+0x1d
#
# Failed to write core dump. Core dumps have been disabled. To enable core dumping, try "ulimit -c unlimited" before starting Java again
#
# If you would like to submit a bug report, please visit:
#   http://bugreport.java.com/bugreport/crash.jsp
# The crash happened outside the Java Virtual Machine in native code.
# See problematic frame for where to report the bug.
#

---------------  T H R E A D  ---------------

Current thread (0x00007fb7a38aa800):  JavaThread "AppKit Thread" daemon [_thread_in_native, id=1811, stack(0x00007fff59ff7000,0x00007fff5a7f7000)]

siginfo: si_signo: 11 (SIGSEGV), si_code: 1 (SEGV_MAPERR), si_addr: 0x0000000000000018

Registers:
RAX=0x00007fb7a2d736a0, RBX=0x00007fff5a7f15e8, RCX=0x0000000000000000, RDX=0x00007fb7a2f54bd0
RSP=0x00007fff5a7f1408, RBP=0x00007fff5a7f1410, RSI=0x00007fff9168c41e, RDI=0x00007fb7a2d736a0
R8 =0x00007fff5a7f13f0, R9 =0x0000000000000055, R10=0x00007fff9168c41e, R11=0x0000000000000000
R12=0x00007fb7a2d1ac00, R13=0x00000000000f42ec, R14=0x00007fb7a2d78de0, R15=0x00007fff5a7f1548
RIP=0x00007fff957000dd, EFLAGS=0x0000000000010246, ERR=0x0000000000000004
  TRAPNO=0x000000000000000e

Top of Stack: (sp=0x00007fff5a7f1408)
0x00007fff5a7f1408:   00007fff91a0045c 00007fff5a7f1770
0x00007fff5a7f1418:   00007fff918f0634 00007fff5a7f149c
0x00007fff5a7f1428:   00007fff5a7f14a0 00007fff5a7f14a4
0x00007fff5a7f1438:   00007fff79e16e00 ffffffffffffffff
0x00007fff5a7f1448:   00000000000007f8 00007fff79e16e18
0x00007fff5a7f1458:   00007fb7a2d78de0 0000000000000000
0x00007fff5a7f1468:   00007fff5a7f1540 0000000000000000
0x00007fff5a7f1478:   00007fb7a2d78830 00007fff5a7f15c0
0x00007fff5a7f1488:   0000000000000055 00000000000f42ee
0x00007fff5a7f1498:   00007fb7a2f54bd0 00007fb7a2d76d90
0x00007fff5a7f14a8:   00007fb7a2d1ac00 0000000000000001
0x00007fff5a7f14b8:   00000000000f42ec 00007fb7a2d1abf0
0x00007fff5a7f14c8:   00007fff8cabfc05 000000017a237070
0x00007fff5a7f14d8:   00007fff7b56e0d0 0000000042000000
0x00007fff5a7f14e8:   00007fff8cac6e63 00007fff79de1240
0x00007fff5a7f14f8:   00007fff5a7f15c8 00007fff5a7f1520
0x00007fff5a7f1508:   00007fff5a7f1540 0000000000000000
0x00007fff5a7f1518:   0000000000000008 000177039572097a
0x00007fff5a7f1528:   00007fb7a2d1ac24 0000000000000000
0x00007fff5a7f1538:   0000000000000000 00007fb7a2d788b0
0x00007fff5a7f1548:   00007fb7a2d78de0 0000002000000000
0x00007fff5a7f1558:   0000000000000000 00007fff7b56e0d0
0x00007fff5a7f1568:   0000000042000000 00007fff8cac64f8
0x00007fff5a7f1578:   00007fff79de1350 00007fff5a7f14d8
0x00007fff5a7f1588:   0000000000000000 00007fff5a7f1658
0x00007fff5a7f1598:   00007fff7a919ea0 00007fff5a7f1690
0x00007fff5a7f15a8:   00007fff94157770 00007fff5a7f1640
0x00007fff5a7f15b8:   00007fff90dc04ed 0000000000000051
0x00007fff5a7f15c8:   0000000000000000 00000000000f42e2
0x00007fff5a7f15d8:   0000000000000053 0000000000000000
0x00007fff5a7f15e8:   00000000000f42ec 00007fff5a7f1664
0x00007fff5a7f15f8:   00000000003c3001 00000000ffffffff 

Instructions: (pc=0x00007fff957000dd)
0x00007fff957000bd:   00 00 00 48 85 ff 2e 74 7a 40 f6 c7 01 2e 75 7e
0x00007fff957000cd:   49 bb f8 ff ff ff ff 7f 00 00 4c 23 1f 49 89 f2
0x00007fff957000dd:   45 23 53 18 49 c1 e2 04 4d 03 53 10 49 3b 32 75
0x00007fff957000ed:   04 41 ff 62 08 49 83 3a 00 74 6a 4d 3b 53 10 74 

Register to memory mapping:

RAX=0x00007fb7a2d736a0 is an unknown value
RBX=0x00007fff5a7f15e8 is pointing into the stack for thread: 0x00007fb7a38aa800
RCX=0x0000000000000000 is an unknown value
RDX=0x00007fb7a2f54bd0 is an unknown value
RSP=0x00007fff5a7f1408 is pointing into the stack for thread: 0x00007fb7a38aa800
RBP=0x00007fff5a7f1410 is pointing into the stack for thread: 0x00007fb7a38aa800
RSI=0x00007fff9168c41e: -[NSTitlebarContainerView transparent]+0x5e312 in /System/Library/Frameworks/AppKit.framework/Versions/C/AppKit at 0x00007fff90c8b000
RDI=0x00007fb7a2d736a0 is an unknown value
R8 =0x00007fff5a7f13f0 is pointing into the stack for thread: 0x00007fb7a38aa800
R9 =0x0000000000000055 is an unknown value
R10=0x00007fff9168c41e: -[NSTitlebarContainerView transparent]+0x5e312 in /System/Library/Frameworks/AppKit.framework/Versions/C/AppKit at 0x00007fff90c8b000
R11=0x0000000000000000 is an unknown value
R12=0x00007fb7a2d1ac00 is an unknown value
R13=0x00000000000f42ec is an unknown value
R14=0x00007fb7a2d78de0 is an unknown value
R15=0x00007fff5a7f1548 is pointing into the stack for thread: 0x00007fb7a38aa800


Stack: [0x00007fff59ff7000,0x00007fff5a7f7000],  sp=0x00007fff5a7f1408,  free space=8169k
Native frames: (J=compiled Java code, j=interpreted, Vv=VM code, C=native code)
C  [libobjc.A.dylib+0x10dd]  objc_msgSend+0x1d
C  [CoreFoundation+0x10634]  _CFXNotificationPost+0xc44
C  [Foundation+0x7aa1]  -[NSNotificationCenter postNotificationName:object:userInfo:]+0x42
C  [AppKit+0x439c2]  -[NSSurface _disposeSurface]+0x98
C  [AppKit+0x43426]  -[NSSurface setWindow:]+0x42
C  [AppKit+0x33910]  -[NSView _setWindow:]+0xa33
C  [AppKit+0x6af91]  -[NSView removeFromSuperview]+0x1c5
C  [AppKit+0x14bd99]  -[NSView removeFromSuperviewWithoutNeedingDisplay]+0x26
C  [liblwjgl.dylib+0xa205]  +[MacOSXKeyableWindow destroyWindow]+0xb5
C  [Foundation+0x92dd0]  __NSThreadPerformPerform+0x125
C  [CoreFoundation+0x80a01]  __CFRUNLOOP_IS_CALLING_OUT_TO_A_SOURCE0_PERFORM_FUNCTION__+0x11
C  [CoreFoundation+0x72b8d]  __CFRunLoopDoSources0+0x10d
C  [CoreFoundation+0x721bf]  __CFRunLoopRun+0x39f
C  [CoreFoundation+0x71bd8]  CFRunLoopRunSpecific+0x128
C  [HIToolbox+0x3256f]  RunCurrentEventLoopInMode+0xeb
C  [HIToolbox+0x321ee]  ReceiveNextEventCommon+0xb3
C  [HIToolbox+0x3212b]  _BlockUntilNextEventMatchingListInModeWithFilter+0x47
C  [AppKit+0x918ab]  _DPSNextEvent+0x3d2
C  [AppKit+0x90e58]  -[NSApplication nextEventMatchingMask:untilDate:inMode:dequeue:]+0x15a
C  [libosxapp.dylib+0x23aa]  -[NSApplicationAWT nextEventMatchingMask:untilDate:inMode:dequeue:]+0x7c
C  [AppKit+0x86af3]  -[NSApplication run]+0x252
C  [libosxapp.dylib+0x214d]  +[NSApplicationAWT runAWTLoopWithApp:]+0x9c
C  [libawt_lwawt.dylib+0x44517]  -[AWTStarter starter:]+0x389
C  [Foundation+0x92dd0]  __NSThreadPerformPerform+0x125
C  [CoreFoundation+0x80a01]  __CFRUNLOOP_IS_CALLING_OUT_TO_A_SOURCE0_PERFORM_FUNCTION__+0x11
C  [CoreFoundation+0x72b8d]  __CFRunLoopDoSources0+0x10d
C  [CoreFoundation+0x721bf]  __CFRunLoopRun+0x39f
C  [CoreFoundation+0x71bd8]  CFRunLoopRunSpecific+0x128
C  [java+0x6463]  CreateExecutionEnvironment+0x367
C  [java+0x21ac]  JLI_Launch+0x7a0
C  [java+0x84c0]  main+0x65
C  [java+0x1a04]  start+0x34
C  0x0000000000000008


---------------  P R O C E S S  ---------------

Java Threads: ( => current thread )
  0x00007fb7a390f000 JavaThread "AWT-Shutdown" [_thread_blocked, id=12555, stack(0x000000011a958000,0x000000011aa58000)]
  0x00007fb7a311b800 JavaThread "DestroyJavaVM" [_thread_blocked, id=5379, stack(0x0000000106d8a000,0x0000000106e8a000)]
  0x00007fb7a499b800 JavaThread "LWJGL Application" [_thread_in_native, id=64263, stack(0x00000001215b9000,0x00000001216b9000)]
=>0x00007fb7a38aa800 JavaThread "AppKit Thread" daemon [_thread_in_native, id=1811, stack(0x00007fff59ff7000,0x00007fff5a7f7000)]
  0x00007fb7a4822800 JavaThread "Service Thread" daemon [_thread_blocked, id=18435, stack(0x000000011c640000,0x000000011c740000)]
  0x00007fb7a484c000 JavaThread "C1 CompilerThread2" daemon [_thread_blocked, id=17923, stack(0x000000011c53d000,0x000000011c63d000)]
  0x00007fb7a383b800 JavaThread "C2 CompilerThread1" daemon [_thread_blocked, id=17411, stack(0x000000011c43a000,0x000000011c53a000)]
  0x00007fb7a3018800 JavaThread "C2 CompilerThread0" daemon [_thread_blocked, id=16899, stack(0x000000011c337000,0x000000011c437000)]
  0x00007fb7a4820000 JavaThread "Signal Dispatcher" daemon [_thread_blocked, id=14091, stack(0x000000011c234000,0x000000011c334000)]
  0x00007fb7a4037800 JavaThread "Finalizer" daemon [_thread_blocked, id=12035, stack(0x000000011a81c000,0x000000011a91c000)]
  0x00007fb7a4036800 JavaThread "Reference Handler" daemon [_thread_blocked, id=11523, stack(0x000000011a719000,0x000000011a819000)]

Other Threads:
  0x00007fb7a4036000 VMThread [stack: 0x000000011a616000,0x000000011a716000] [id=11011]
  0x00007fb7a4822000 WatcherThread [stack: 0x000000011c743000,0x000000011c843000] [id=18947]

VM state:not at safepoint (normal execution)

VM Mutex/Monitor currently owned by a thread: None

Heap:
 PSYoungGen      total 18944K, used 13946K [0x00000007aab00000, 0x00000007ac000000, 0x00000007c0000000)
  eden space 16384K, 85% used [0x00000007aab00000,0x00000007ab89eba0,0x00000007abb00000)
  from space 2560K, 0% used [0x00000007abd80000,0x00000007abd80000,0x00000007ac000000)
  to   space 2560K, 0% used [0x00000007abb00000,0x00000007abb00000,0x00000007abd80000)
 ParOldGen       total 44032K, used 0K [0x0000000780000000, 0x0000000782b00000, 0x00000007aab00000)
  object space 44032K, 0% used [0x0000000780000000,0x0000000780000000,0x0000000782b00000)
 Metaspace       used 7800K, capacity 7939K, committed 8064K, reserved 1056768K
  class space    used 758K, capacity 824K, committed 896K, reserved 1048576K

Card table byte_map: [0x000000011624c000,0x000000011644d000] byte_map_base: 0x000000011264c000

Marking Bits: (ParMarkBitMap*) 0x00000001066dee20
 Begin Bits: [0x00000001169af000, 0x00000001179af000)
 End Bits:   [0x00000001179af000, 0x00000001189af000)

Polling page: 0x0000000105562000

CodeCache: size=245760Kb used=2838Kb max_used=2849Kb free=242921Kb
 bounds [0x0000000106e8c000, 0x000000010715c000, 0x0000000115e8c000]
 total_blobs=1160 nmethods=716 adapters=358
 compilation: enabled

Compilation events (10 events):
Event: 16.393 Thread 0x00007fb7a484c000  712   !   3       org.lwjgl.input.Mouse::next (235 bytes)
Event: 16.399 Thread 0x00007fb7a484c000 nmethod 712 0x0000000107152110 code [0x0000000107152420, 0x0000000107153c68]
Event: 16.645 Thread 0x00007fb7a3018800  713       4       java.lang.String::substring (79 bytes)
Event: 16.647 Thread 0x00007fb7a484c000  714       3       java.util.zip.ZipEntry::getSize (5 bytes)
Event: 16.648 Thread 0x00007fb7a484c000 nmethod 714 0x000000010714c410 code [0x000000010714c560, 0x000000010714c6b0]
Event: 16.648 Thread 0x00007fb7a484c000  715   !   3       java.util.zip.ZipFile$ZipFileInflaterInputStream::close (67 bytes)
Event: 16.650 Thread 0x00007fb7a484c000 nmethod 715 0x0000000107151350 code [0x0000000107151520, 0x0000000107151d58]
Event: 16.665 Thread 0x00007fb7a3018800 nmethod 713 0x0000000107150ad0 code [0x0000000107150c40, 0x0000000107151058]
Event: 16.672 Thread 0x00007fb7a383b800  716       4       java.nio.DirectByteBuffer::put (18 bytes)
Event: 16.674 Thread 0x00007fb7a383b800 nmethod 716 0x0000000107154b10 code [0x0000000107154c60, 0x0000000107154d18]

GC Heap History (0 events):
No events

Deoptimization events (1 events):
Event: 1.291 Thread 0x00007fb7a3802000 Uncommon trap: reason=unstable_if action=reinterpret pc=0x0000000106fc9dbc method=java.lang.String.indexOf(II)I @ 49

Internal exceptions (10 events):
Event: 1.862 Thread 0x00007fb7a3802000 Exception <a 'java/lang/NoSuchFieldError': method resolution failed> (0x00000007ab010290) thrown at [/Users/java_re/workspace/8-2-build-macosx-x86_64/jdk8u65/4987/hotspot/src/share/vm/prims/methodHandles.cpp, line 1146]
Event: 1.895 Thread 0x00007fb7a3802000 Exception <a 'java/lang/NoSuchFieldError': method resolution failed> (0x00000007ab01d9e0) thrown at [/Users/java_re/workspace/8-2-build-macosx-x86_64/jdk8u65/4987/hotspot/src/share/vm/prims/methodHandles.cpp, line 1146]
Event: 3.415 Thread 0x00007fb7a3802000 Exception <a 'java/io/FileNotFoundException'> (0x00000007ab0995f8) thrown at [/Users/java_re/workspace/8-2-build-macosx-x86_64/jdk8u65/4987/hotspot/src/share/vm/prims/jni.cpp, line 709]
Event: 3.421 Thread 0x00007fb7a3802000 Exception <a 'java/io/FileNotFoundException'> (0x00000007ab09a160) thrown at [/Users/java_re/workspace/8-2-build-macosx-x86_64/jdk8u65/4987/hotspot/src/share/vm/prims/jni.cpp, line 709]
Event: 3.495 Thread 0x00007fb7a3802000 Exception <a 'java/security/PrivilegedActionException'> (0x00000007ab0b2f30) thrown at [/Users/java_re/workspace/8-2-build-macosx-x86_64/jdk8u65/4987/hotspot/src/share/vm/prims/jvm.cpp, line 1386]
Event: 3.496 Thread 0x00007fb7a3802000 Exception <a 'java/security/PrivilegedActionException'> (0x00000007ab0b4b18) thrown at [/Users/java_re/workspace/8-2-build-macosx-x86_64/jdk8u65/4987/hotspot/src/share/vm/prims/jvm.cpp, line 1386]
Event: 3.496 Thread 0x00007fb7a3802000 Exception <a 'java/security/PrivilegedActionException'> (0x00000007ab0b5c38) thrown at [/Users/java_re/workspace/8-2-build-macosx-x86_64/jdk8u65/4987/hotspot/src/share/vm/prims/jvm.cpp, line 1386]
Event: 3.498 Thread 0x00007fb7a3802000 Exception <a 'java/security/PrivilegedActionException'> (0x00000007ab0bad58) thrown at [/Users/java_re/workspace/8-2-build-macosx-x86_64/jdk8u65/4987/hotspot/src/share/vm/prims/jvm.cpp, line 1386]
Event: 3.498 Thread 0x00007fb7a3802000 Exception <a 'java/security/PrivilegedActionException'> (0x00000007ab0bb9b0) thrown at [/Users/java_re/workspace/8-2-build-macosx-x86_64/jdk8u65/4987/hotspot/src/share/vm/prims/jvm.cpp, line 1386]
Event: 3.498 Thread 0x00007fb7a3802000 Exception <a 'java/security/PrivilegedActionException'> (0x00000007ab0bc5d8) thrown at [/Users/java_re/workspace/8-2-build-macosx-x86_64/jdk8u65/4987/hotspot/src/share/vm/prims/jvm.cpp, line 1386]

Events (10 events):
Event: 9.114 Thread 0x00007fb7a4ae1000 Thread exited: 0x00007fb7a4ae1000
Event: 15.065 Thread 0x00007fb7a390f000 Thread added: 0x00007fb7a390f000
Event: 15.126 loading class com/badlogic/gdx/backends/lwjgl/LwjglInput$TouchEvent
Event: 15.126 loading class com/badlogic/gdx/backends/lwjgl/LwjglInput$TouchEvent done
Event: 15.128 loading class com/badlogic/gdx/utils/Pool$Poolable
Event: 15.128 loading class com/badlogic/gdx/utils/Pool$Poolable done
Event: 16.644 loading class com/badlogic/gdx/backends/lwjgl/LwjglApplication$2
Event: 16.644 loading class com/badlogic/gdx/backends/lwjgl/LwjglApplication$2 done
Event: 16.667 loading class org/lwjgl/opengl/CallbackUtil
Event: 16.667 loading class org/lwjgl/opengl/CallbackUtil done


Dynamic libraries:
0x000000000959a000 	/System/Library/Frameworks/Cocoa.framework/Versions/A/Cocoa
0x000000000959a000 	/System/Library/Frameworks/Security.framework/Versions/A/Security
0x000000000959a000 	/System/Library/Frameworks/ApplicationServices.framework/Versions/A/ApplicationServices
0x000000000959a000 	/usr/lib/libz.1.dylib
0x000000000959a000 	/usr/lib/libSystem.B.dylib
0x000000000959a000 	/usr/lib/libobjc.A.dylib
0x000000000959a000 	/System/Library/Frameworks/CoreFoundation.framework/Versions/A/CoreFoundation
0x000000000959a000 	/System/Library/Frameworks/Foundation.framework/Versions/C/Foundation
0x000000000959a000 	/System/Library/Frameworks/AppKit.framework/Versions/C/AppKit
0x000000000959a000 	/System/Library/Frameworks/CoreData.framework/Versions/A/CoreData
0x000000000959a000 	/System/Library/PrivateFrameworks/RemoteViewServices.framework/Versions/A/RemoteViewServices
0x000000000959a000 	/System/Library/PrivateFrameworks/UIFoundation.framework/Versions/A/UIFoundation
0x000000000959a000 	/System/Library/Frameworks/IOSurface.framework/Versions/A/IOSurface
0x000000000959a000 	/System/Library/Frameworks/AudioToolbox.framework/Versions/A/AudioToolbox
0x000000000959a000 	/System/Library/Frameworks/AudioUnit.framework/Versions/A/AudioUnit
0x000000000959a000 	/System/Library/PrivateFrameworks/DataDetectorsCore.framework/Versions/A/DataDetectorsCore
0x000000000959a000 	/System/Library/PrivateFrameworks/DesktopServicesPriv.framework/Versions/A/DesktopServicesPriv
0x000000000959a000 	/System/Library/Frameworks/Carbon.framework/Versions/A/Frameworks/HIToolbox.framework/Versions/A/HIToolbox
0x000000000959a000 	/System/Library/Frameworks/QuartzCore.framework/Versions/A/QuartzCore
0x000000000959a000 	/System/Library/Frameworks/Carbon.framework/Versions/A/Frameworks/SpeechRecognition.framework/Versions/A/SpeechRecognition
0x000000000959a000 	/usr/lib/libauto.dylib
0x000000000959a000 	/usr/lib/libicucore.A.dylib
0x000000000959a000 	/usr/lib/libxml2.2.dylib
0x000000000959a000 	/System/Library/PrivateFrameworks/CoreUI.framework/Versions/A/CoreUI
0x000000000959a000 	/System/Library/Frameworks/CoreAudio.framework/Versions/A/CoreAudio
0x000000000959a000 	/System/Library/Frameworks/DiskArbitration.framework/Versions/A/DiskArbitration
0x000000000959a000 	/usr/lib/liblangid.dylib
0x000000000959a000 	/System/Library/PrivateFrameworks/MultitouchSupport.framework/Versions/A/MultitouchSupport
0x000000000959a000 	/System/Library/Frameworks/IOKit.framework/Versions/A/IOKit
0x000000000959a000 	/usr/lib/libDiagnosticMessagesClient.dylib
0x000000000959a000 	/System/Library/Frameworks/CoreServices.framework/Versions/A/CoreServices
0x000000000959a000 	/System/Library/PrivateFrameworks/PerformanceAnalysis.framework/Versions/A/PerformanceAnalysis
0x000000000959a000 	/System/Library/PrivateFrameworks/GenerationalStorage.framework/Versions/A/GenerationalStorage
0x000000000959a000 	/System/Library/Frameworks/OpenGL.framework/Versions/A/OpenGL
0x000000000959a000 	/System/Library/PrivateFrameworks/Sharing.framework/Versions/A/Sharing
0x000000000959a000 	/System/Library/Frameworks/CoreGraphics.framework/Versions/A/CoreGraphics
0x000000000959a000 	/System/Library/Frameworks/CoreText.framework/Versions/A/CoreText
0x000000000959a000 	/System/Library/Frameworks/ImageIO.framework/Versions/A/ImageIO
0x000000000959a000 	/usr/lib/libextension.dylib
0x000000000959a000 	/System/Library/PrivateFrameworks/Backup.framework/Versions/A/Backup
0x000000000959a000 	/usr/lib/libarchive.2.dylib
0x000000000959a000 	/System/Library/Frameworks/CFNetwork.framework/Versions/A/CFNetwork
0x000000000959a000 	/System/Library/Frameworks/SystemConfiguration.framework/Versions/A/SystemConfiguration
0x000000000959a000 	/usr/lib/libCRFSuite.dylib
0x000000000959a000 	/usr/lib/libc++.1.dylib
0x000000000959a000 	/usr/lib/libc++abi.dylib
0x000000000959a000 	/usr/lib/system/libcache.dylib
0x000000000959a000 	/usr/lib/system/libcommonCrypto.dylib
0x000000000959a000 	/usr/lib/system/libcompiler_rt.dylib
0x000000000959a000 	/usr/lib/system/libcopyfile.dylib
0x000000000959a000 	/usr/lib/system/libcorecrypto.dylib
0x000000000959a000 	/usr/lib/system/libdispatch.dylib
0x000000000959a000 	/usr/lib/system/libdyld.dylib
0x000000000959a000 	/usr/lib/system/libkeymgr.dylib
0x000000000959a000 	/usr/lib/system/liblaunch.dylib
0x000000000959a000 	/usr/lib/system/libmacho.dylib
0x000000000959a000 	/usr/lib/system/libquarantine.dylib
0x000000000959a000 	/usr/lib/system/libremovefile.dylib
0x000000000959a000 	/usr/lib/system/libsystem_asl.dylib
0x000000000959a000 	/usr/lib/system/libsystem_blocks.dylib
0x000000000959a000 	/usr/lib/system/libsystem_c.dylib
0x000000000959a000 	/usr/lib/system/libsystem_configuration.dylib
0x000000000959a000 	/usr/lib/system/libsystem_coreservices.dylib
0x000000000959a000 	/usr/lib/system/libsystem_coretls.dylib
0x000000000959a000 	/usr/lib/system/libsystem_dnssd.dylib
0x000000000959a000 	/usr/lib/system/libsystem_info.dylib
0x000000000959a000 	/usr/lib/system/libsystem_kernel.dylib
0x000000000959a000 	/usr/lib/system/libsystem_m.dylib
0x000000000959a000 	/usr/lib/system/libsystem_malloc.dylib
0x000000000959a000 	/usr/lib/system/libsystem_network.dylib
0x000000000959a000 	/usr/lib/system/libsystem_networkextension.dylib
0x000000000959a000 	/usr/lib/system/libsystem_notify.dylib
0x000000000959a000 	/usr/lib/system/libsystem_platform.dylib
0x000000000959a000 	/usr/lib/system/libsystem_pthread.dylib
0x000000000959a000 	/usr/lib/system/libsystem_sandbox.dylib
0x000000000959a000 	/usr/lib/system/libsystem_secinit.dylib
0x000000000959a000 	/usr/lib/system/libsystem_stats.dylib
0x000000000959a000 	/usr/lib/system/libsystem_trace.dylib
0x000000000959a000 	/usr/lib/system/libunc.dylib
0x000000000959a000 	/usr/lib/system/libunwind.dylib
0x000000000959a000 	/usr/lib/system/libxpc.dylib
0x000000000959a000 	/usr/lib/libbz2.1.0.dylib
0x000000000959a000 	/usr/lib/liblzma.5.dylib
0x000000000959a000 	/usr/lib/libbsm.0.dylib
0x000000000959a000 	/usr/lib/libsqlite3.dylib
0x000000000959a000 	/usr/lib/system/libkxld.dylib
0x000000000959a000 	/usr/lib/libxar.1.dylib
0x000000000959a000 	/usr/lib/libpam.2.dylib
0x000000000959a000 	/usr/lib/libOpenScriptingUtil.dylib
0x000000000959a000 	/System/Library/Frameworks/CoreServices.framework/Versions/A/Frameworks/FSEvents.framework/Versions/A/FSEvents
0x000000000959a000 	/System/Library/Frameworks/CoreServices.framework/Versions/A/Frameworks/CarbonCore.framework/Versions/A/CarbonCore
0x000000000959a000 	/System/Library/Frameworks/CoreServices.framework/Versions/A/Frameworks/Metadata.framework/Versions/A/Metadata
0x000000000959a000 	/System/Library/Frameworks/CoreServices.framework/Versions/A/Frameworks/OSServices.framework/Versions/A/OSServices
0x000000000959a000 	/System/Library/Frameworks/CoreServices.framework/Versions/A/Frameworks/SearchKit.framework/Versions/A/SearchKit
0x000000000959a000 	/System/Library/Frameworks/CoreServices.framework/Versions/A/Frameworks/AE.framework/Versions/A/AE
0x000000000959a000 	/System/Library/Frameworks/CoreServices.framework/Versions/A/Frameworks/LaunchServices.framework/Versions/A/LaunchServices
0x000000000959a000 	/System/Library/Frameworks/CoreServices.framework/Versions/A/Frameworks/DictionaryServices.framework/Versions/A/DictionaryServices
0x000000000959a000 	/System/Library/Frameworks/NetFS.framework/Versions/A/NetFS
0x000000000959a000 	/System/Library/PrivateFrameworks/NetAuth.framework/Versions/A/NetAuth
0x000000000959a000 	/System/Library/PrivateFrameworks/login.framework/Versions/A/Frameworks/loginsupport.framework/Versions/A/loginsupport
0x000000000959a000 	/System/Library/PrivateFrameworks/TCC.framework/Versions/A/TCC
0x000000000959a000 	/usr/lib/libmecabra.dylib
0x000000000959a000 	/System/Library/Frameworks/ApplicationServices.framework/Versions/A/Frameworks/ATS.framework/Versions/A/ATS
0x000000000959a000 	/System/Library/Frameworks/ApplicationServices.framework/Versions/A/Frameworks/ColorSync.framework/Versions/A/ColorSync
0x000000000959a000 	/System/Library/Frameworks/ApplicationServices.framework/Versions/A/Frameworks/HIServices.framework/Versions/A/HIServices
0x000000000959a000 	/System/Library/Frameworks/ApplicationServices.framework/Versions/A/Frameworks/LangAnalysis.framework/Versions/A/LangAnalysis
0x000000000959a000 	/System/Library/Frameworks/ApplicationServices.framework/Versions/A/Frameworks/PrintCore.framework/Versions/A/PrintCore
0x000000000959a000 	/System/Library/Frameworks/ApplicationServices.framework/Versions/A/Frameworks/QD.framework/Versions/A/QD
0x000000000959a000 	/System/Library/Frameworks/ApplicationServices.framework/Versions/A/Frameworks/SpeechSynthesis.framework/Versions/A/SpeechSynthesis
0x000000000959a000 	/System/Library/Frameworks/Accelerate.framework/Versions/A/Accelerate
0x000000000959a000 	/System/Library/Frameworks/Accelerate.framework/Versions/A/Frameworks/vImage.framework/Versions/A/vImage
0x000000000959a000 	/System/Library/Frameworks/Accelerate.framework/Versions/A/Frameworks/vecLib.framework/Versions/A/vecLib
0x000000000959a000 	/System/Library/Frameworks/Accelerate.framework/Versions/A/Frameworks/vecLib.framework/Versions/A/libvDSP.dylib
0x000000000959a000 	/System/Library/Frameworks/Accelerate.framework/Versions/A/Frameworks/vecLib.framework/Versions/A/libvMisc.dylib
0x000000000959a000 	/System/Library/Frameworks/Accelerate.framework/Versions/A/Frameworks/vecLib.framework/Versions/A/libLAPACK.dylib
0x000000000959a000 	/System/Library/Frameworks/Accelerate.framework/Versions/A/Frameworks/vecLib.framework/Versions/A/libBLAS.dylib
0x000000000959a000 	/System/Library/Frameworks/Accelerate.framework/Versions/A/Frameworks/vecLib.framework/Versions/A/libLinearAlgebra.dylib
0x000000000959a000 	/System/Library/Frameworks/ApplicationServices.framework/Versions/A/Frameworks/ATS.framework/Versions/A/Resources/libFontParser.dylib
0x000000000959a000 	/System/Library/Frameworks/ApplicationServices.framework/Versions/A/Frameworks/ATS.framework/Versions/A/Resources/libFontRegistry.dylib
0x000000000959a000 	/System/Library/PrivateFrameworks/AppleVPA.framework/Versions/A/AppleVPA
0x000000000959a000 	/System/Library/PrivateFrameworks/AppleJPEG.framework/Versions/A/AppleJPEG
0x000000000959a000 	/System/Library/Frameworks/ImageIO.framework/Versions/A/Resources/libJPEG.dylib
0x000000000959a000 	/System/Library/Frameworks/ImageIO.framework/Versions/A/Resources/libTIFF.dylib
0x000000000959a000 	/System/Library/Frameworks/ImageIO.framework/Versions/A/Resources/libPng.dylib
0x000000000959a000 	/System/Library/Frameworks/ImageIO.framework/Versions/A/Resources/libGIF.dylib
0x000000000959a000 	/System/Library/Frameworks/ImageIO.framework/Versions/A/Resources/libJP2.dylib
0x000000000959a000 	/System/Library/Frameworks/ImageIO.framework/Versions/A/Resources/libRadiance.dylib
0x000000000959a000 	/System/Library/Frameworks/CoreVideo.framework/Versions/A/CoreVideo
0x000000000959a000 	/System/Library/Frameworks/OpenGL.framework/Versions/A/Libraries/libGLU.dylib
0x000000000959a000 	/System/Library/Frameworks/OpenGL.framework/Versions/A/Libraries/libGFXShared.dylib
0x000000000959a000 	/System/Library/Frameworks/OpenGL.framework/Versions/A/Libraries/libGL.dylib
0x000000000959a000 	/System/Library/Frameworks/OpenGL.framework/Versions/A/Libraries/libGLImage.dylib
0x000000000959a000 	/System/Library/Frameworks/OpenGL.framework/Versions/A/Libraries/libCVMSPluginSupport.dylib
0x000000000959a000 	/System/Library/Frameworks/OpenGL.framework/Versions/A/Libraries/libCoreVMClient.dylib
0x000000000959a000 	/usr/lib/libcups.2.dylib
0x000000000959a000 	/System/Library/Frameworks/Kerberos.framework/Versions/A/Kerberos
0x000000000959a000 	/System/Library/Frameworks/GSS.framework/Versions/A/GSS
0x000000000959a000 	/usr/lib/libresolv.9.dylib
0x000000000959a000 	/usr/lib/libiconv.2.dylib
0x000000000959a000 	/System/Library/PrivateFrameworks/Heimdal.framework/Versions/A/Heimdal
0x000000000959a000 	/usr/lib/libheimdal-asn1.dylib
0x000000000959a000 	/System/Library/Frameworks/OpenDirectory.framework/Versions/A/OpenDirectory
0x000000000959a000 	/System/Library/PrivateFrameworks/CommonAuth.framework/Versions/A/CommonAuth
0x000000000959a000 	/System/Library/Frameworks/OpenDirectory.framework/Versions/A/Frameworks/CFOpenDirectory.framework/Versions/A/CFOpenDirectory
0x000000000959a000 	/System/Library/Frameworks/SecurityFoundation.framework/Versions/A/SecurityFoundation
0x000000000959a000 	/System/Library/PrivateFrameworks/LanguageModeling.framework/Versions/A/LanguageModeling
0x000000000959a000 	/usr/lib/libcmph.dylib
0x000000000959a000 	/System/Library/Frameworks/ServiceManagement.framework/Versions/A/ServiceManagement
0x000000000959a000 	/usr/lib/libxslt.1.dylib
0x000000000959a000 	/System/Library/Frameworks/Carbon.framework/Versions/A/Frameworks/Ink.framework/Versions/A/Ink
0x000000000959a000 	/System/Library/Frameworks/QuartzCore.framework/Versions/A/Frameworks/CoreImage.framework/Versions/A/CoreImage
0x000000000959a000 	/System/Library/PrivateFrameworks/CrashReporterSupport.framework/Versions/A/CrashReporterSupport
0x000000000959a000 	/System/Library/Frameworks/OpenCL.framework/Versions/A/OpenCL
0x000000000959a000 	/System/Library/PrivateFrameworks/FaceCore.framework/Versions/A/FaceCore
0x000000000959a000 	/System/Library/PrivateFrameworks/Ubiquity.framework/Versions/A/Ubiquity
0x000000000959a000 	/System/Library/PrivateFrameworks/IconServices.framework/Versions/A/IconServices
0x000000000959a000 	/System/Library/PrivateFrameworks/ChunkingLibrary.framework/Versions/A/ChunkingLibrary
0x000000000959a000 	/System/Library/PrivateFrameworks/Apple80211.framework/Versions/A/Apple80211
0x000000000959a000 	/System/Library/Frameworks/CoreWLAN.framework/Versions/A/CoreWLAN
0x000000000959a000 	/System/Library/Frameworks/IOBluetooth.framework/Versions/A/IOBluetooth
0x000000000959a000 	/System/Library/PrivateFrameworks/CoreWiFi.framework/Versions/A/CoreWiFi
0x000000000959a000 	/System/Library/Frameworks/CoreBluetooth.framework/Versions/A/CoreBluetooth
0x000000000959a000 	/System/Library/PrivateFrameworks/DebugSymbols.framework/Versions/A/DebugSymbols
0x000000000959a000 	/System/Library/PrivateFrameworks/CoreSymbolication.framework/Versions/A/CoreSymbolication
0x000000000959a000 	/System/Library/PrivateFrameworks/Symbolication.framework/Versions/A/Symbolication
0x000000000959a000 	/System/Library/PrivateFrameworks/SpeechRecognitionCore.framework/Versions/A/SpeechRecognitionCore
0x0000000105e00000 	/Library/Java/JavaVirtualMachines/jdk1.8.0_65.jdk/Contents/Home/jre/lib/server/libjvm.dylib
0x000000000959a000 	/usr/lib/libstdc++.6.dylib
0x000000010551f000 	/Library/Java/JavaVirtualMachines/jdk1.8.0_65.jdk/Contents/Home/jre/lib/libverify.dylib
0x000000010552d000 	/Library/Java/JavaVirtualMachines/jdk1.8.0_65.jdk/Contents/Home/jre/lib/libjava.dylib
0x000000010556c000 	/Library/Java/JavaVirtualMachines/jdk1.8.0_65.jdk/Contents/Home/jre/lib/libzip.dylib
0x000000011a91e000 	/System/Library/Frameworks/JavaVM.framework/Frameworks/JavaRuntimeSupport.framework/JavaRuntimeSupport
0x000000011a936000 	/System/Library/Frameworks/JavaVM.framework/Versions/A/Frameworks/JavaNativeFoundation.framework/Versions/A/JavaNativeFoundation
0x00000001055f2000 	/System/Library/Frameworks/JavaVM.framework/Versions/A/JavaVM
0x000000000959a000 	/System/Library/Frameworks/Carbon.framework/Versions/A/Carbon
0x000000011a94b000 	/System/Library/PrivateFrameworks/JavaLaunching.framework/Versions/A/JavaLaunching
0x000000000959a000 	/System/Library/Frameworks/Carbon.framework/Versions/A/Frameworks/CommonPanels.framework/Versions/A/CommonPanels
0x000000000959a000 	/System/Library/Frameworks/Carbon.framework/Versions/A/Frameworks/Help.framework/Versions/A/Help
0x000000000959a000 	/System/Library/Frameworks/Carbon.framework/Versions/A/Frameworks/ImageCapture.framework/Versions/A/ImageCapture
0x000000000959a000 	/System/Library/Frameworks/Carbon.framework/Versions/A/Frameworks/OpenScripting.framework/Versions/A/OpenScripting
0x000000000959a000 	/System/Library/Frameworks/Carbon.framework/Versions/A/Frameworks/Print.framework/Versions/A/Print
0x000000000959a000 	/System/Library/Frameworks/Carbon.framework/Versions/A/Frameworks/SecurityHI.framework/Versions/A/SecurityHI
0x000000011c8f7000 	/private/var/folders/ct/xwkzlrv50933rp3z482ftzfh0000gn/T/libgdxdinosaadeh/ad4da71/libgdx64.dylib
0x000000011c944000 	/Library/Java/JavaVirtualMachines/jdk1.8.0_65.jdk/Contents/Home/jre/lib/libawt.dylib
0x000000011c9ec000 	/Library/Java/JavaVirtualMachines/jdk1.8.0_65.jdk/Contents/Home/jre/lib/./libmlib_image.dylib
0x000000011cab8000 	/Library/Java/JavaVirtualMachines/jdk1.8.0_65.jdk/Contents/Home/jre/lib/libawt_lwawt.dylib
0x000000011cb6d000 	/Library/Java/JavaVirtualMachines/jdk1.8.0_65.jdk/Contents/Home/jre/lib/./libosxapp.dylib
0x000000000959a000 	/System/Library/Frameworks/ExceptionHandling.framework/Versions/A/ExceptionHandling
0x000000000959a000 	/System/Library/PrivateFrameworks/CoreServicesInternal.framework/Versions/A/CoreServicesInternal
0x000000000959a000 	/System/Library/PrivateFrameworks/CloudDocs.framework/Versions/A/CloudDocs
0x000000000959a000 	/System/Library/PrivateFrameworks/CoreDuet.framework/Versions/A/CoreDuet
0x000000000959a000 	/System/Library/Frameworks/CloudKit.framework/Versions/A/CloudKit
0x000000000959a000 	/System/Library/PrivateFrameworks/ProtocolBuffer.framework/Versions/A/ProtocolBuffer
0x000000000959a000 	/System/Library/PrivateFrameworks/CoreDuetDaemonProtocol.framework/Versions/A/CoreDuetDaemonProtocol
0x000000000959a000 	/System/Library/PrivateFrameworks/CoreDuetDebugLogging.framework/Versions/A/CoreDuetDebugLogging
0x000000000959a000 	/System/Library/PrivateFrameworks/MMCS.framework/Versions/A/MMCS
0x000000000959a000 	/System/Library/Frameworks/CoreLocation.framework/Versions/A/CoreLocation
0x000000000959a000 	/System/Library/PrivateFrameworks/ProtectedCloudStorage.framework/Versions/A/ProtectedCloudStorage
0x000000000959a000 	/System/Library/PrivateFrameworks/GeoServices.framework/Versions/A/GeoServices
0x000000000959a000 	/System/Library/Frameworks/CoreGraphics.framework/Versions/A/Resources/libCGCMS.A.dylib
0x000000000959a000 	/System/Library/Frameworks/CoreGraphics.framework/Versions/A/Resources/libRIP.A.dylib
0x000000000959a000 	/System/Library/Frameworks/CoreGraphics.framework/Versions/A/Resources/libCGXType.A.dylib
0x000000000959a000 	/System/Library/Frameworks/OpenCL.framework/Versions/A/Libraries/libcldcpuengine.dylib
0x000000000959a000 	/System/Library/PrivateFrameworks/DiskImages.framework/Versions/A/DiskImages
0x000000000959a000 	/System/Library/Frameworks/DiscRecording.framework/Versions/A/DiscRecording
0x000000000959a000 	/usr/lib/libcsfde.dylib
0x000000000959a000 	/usr/lib/libcurl.4.dylib
0x000000000959a000 	/System/Library/PrivateFrameworks/MediaKit.framework/Versions/A/MediaKit
0x000000000959a000 	/usr/lib/libCoreStorage.dylib
0x000000000959a000 	/System/Library/PrivateFrameworks/EFILogin.framework/Versions/A/EFILogin
0x000000000959a000 	/usr/lib/libutil.dylib
0x000000000959a000 	/System/Library/PrivateFrameworks/FindMyDevice.framework/Versions/A/FindMyDevice
0x000000000959a000 	/System/Library/Frameworks/LDAP.framework/Versions/A/LDAP
0x000000000959a000 	/usr/lib/libsasl2.2.dylib
0x000000000959a000 	/System/Library/PrivateFrameworks/CoreDaemon.framework/Versions/B/CoreDaemon
0x000000000959a000 	/usr/lib/libcrypto.0.9.8.dylib
0x000000000959a000 	/System/Library/PrivateFrameworks/AppleSRP.framework/Versions/A/AppleSRP
0x000000000959a000 	/System/Library/PrivateFrameworks/TrustEvaluationAgent.framework/Versions/A/TrustEvaluationAgent
0x000000011fd48000 	cl_kernels
0x000000011fd4a000 	/System/Library/Frameworks/OpenCL.framework/Versions/A/Libraries/ImageFormats/unorm8_bgra.dylib
0x000000011fd3a000 	cl_kernels
0x000000000959a000 	/System/Library/PrivateFrameworks/FamilyControls.framework/Versions/A/FamilyControls
0x000000000959a000 	/System/Library/PrivateFrameworks/CommerceKit.framework/Versions/A/Frameworks/CommerceCore.framework/Versions/A/CommerceCore
0x000000000959a000 	/System/Library/PrivateFrameworks/SystemAdministration.framework/Versions/A/SystemAdministration
0x000000000959a000 	/System/Library/PrivateFrameworks/AppContainer.framework/Versions/A/AppContainer
0x000000000959a000 	/System/Library/PrivateFrameworks/SecCodeWrapper.framework/Versions/A/SecCodeWrapper
0x000000000959a000 	/System/Library/Frameworks/DirectoryService.framework/Versions/A/DirectoryService
0x000000000959a000 	/System/Library/PrivateFrameworks/LoginUIKit.framework/Versions/A/Frameworks/LoginUICore.framework/Versions/A/LoginUICore
0x000000000959a000 	/usr/lib/libodfde.dylib
0x00000001210ef000 	/Library/Java/JavaVirtualMachines/jdk1.8.0_65.jdk/Contents/Home/jre/lib/libfontmanager.dylib
0x0000000121156000 	/private/var/folders/ct/xwkzlrv50933rp3z482ftzfh0000gn/T/libgdxdinosaadeh/f7649394/liblwjgl.dylib
0x000000011f1a6000 	/Library/Java/JavaVirtualMachines/jdk1.8.0_65.jdk/Contents/Home/jre/lib/libjawt.dylib
0x00000001211d8000 	/var/folders/ct/xwkzlrv50933rp3z482ftzfh0000gn/T/libgdxdinosaadeh/f7649394/openal.dylib
0x0000000121247000 	/System/Library/Components/CoreAudio.component/Contents/MacOS/CoreAudio
0x000000011f1be000 	/System/Library/Extensions/AppleHDA.kext/Contents/PlugIns/AppleHDAHALPlugIn.bundle/Contents/MacOS/AppleHDAHALPlugIn
0x000000000959a000 	/System/Library/Frameworks/OpenGL.framework/Versions/A/Resources/GLEngine.bundle/GLEngine
0x000000000959a000 	/System/Library/Frameworks/OpenGL.framework/Versions/A/Libraries/libGLProgrammability.dylib
0x00000001216bb000 	/System/Library/Extensions/AppleIntelHD5000GraphicsGLDriver.bundle/Contents/MacOS/AppleIntelHD5000GraphicsGLDriver
0x000000000959a000 	/System/Library/PrivateFrameworks/IOAccelerator.framework/Versions/A/IOAccelerator
0x000000000959a000 	/System/Library/PrivateFrameworks/GPUSupport.framework/Versions/A/Libraries/libGPUSupportMercury.dylib
0x000000000959a000 	/System/Library/Frameworks/OpenGL.framework/Versions/A/Resources/GLRendererFloat.bundle/GLRendererFloat

VM Arguments:
jvm_args: -Dfile.encoding=UTF-8 -Duser.country=US -Duser.language=en -Duser.variant 
java_command: com.smb215team.barjis.desktop.DesktopLauncher
java_class_path (initial): /Users/dinosaadeh/Documents/CNAM/Barjis/desktop/build/classes/main:/Users/dinosaadeh/Documents/CNAM/Barjis/desktop/build/resources/main:/Users/dinosaadeh/Documents/CNAM/Barjis/core/build/libs/core-1.0.jar:/Users/dinosaadeh/.gradle/caches/modules-2/files-2.1/com.badlogicgames.gdx/gdx-backend-lwjgl/1.9.2/d710a8704ed584ec2ba9ca52e3a6a5885dd759cc/gdx-backend-lwjgl-1.9.2.jar:/Users/dinosaadeh/.gradle/caches/modules-2/files-2.1/com.badlogicgames.gdx/gdx-platform/1.9.2/dde4cf7e9ce61c24042f512203aed87657496639/gdx-platform-1.9.2-natives-desktop.jar:/Users/dinosaadeh/.gradle/caches/modules-2/files-2.1/com.badlogicgames.gdx/gdx-box2d-platform/1.9.2/497cbfbf81e7e8b1e8433b19291c5af4bbc2ec66/gdx-box2d-platform-1.9.2-natives-desktop.jar:/Users/dinosaadeh/.gradle/caches/modules-2/files-2.1/com.badlogicgames.gdx/gdx-freetype-platform/1.9.2/1e1afb0b6c9e8aeb7d495cb8f55c353d3da58cf0/gdx-freetype-platform-1.9.2-natives-desktop.jar:/Users/dinosaadeh/.gradle/caches/modules-2/files-2.1/com.badlogicgames.gdx/gdx-bullet-platform/1.9.2/e564d68941da54e44dfd3bfb3f8a9c349f42ff8/gdx-bullet-platform-1.9.2-natives-desktop.jar:/Users/dinosaadeh/.gradle/caches/modules-2/files-2.1/com.badlogicgames.gdx/gdx-tools/1.9.2/37d8e3009ae0febdf93717b21980c67c8cadac07/gdx-tools-1.9.2.jar:/Users/dinosaadeh/.gradle/caches/modules-2/files-2.1/com.badlogicgames.gdx/gdx-controllers-desktop/1.9.2/8023a69faf45a0da8bff25574de51cd77fcaf439/gdx-controllers-desktop-1.9.2.jar:/Users/dinosaadeh/.gradle/caches/modules-2/files-2.1/com.badlogicgames.gdx/gdx-controllers-platform/1.9.2/4a6f5830422d93e1bd00f02a73ac3e2fbbcbd5f3/gdx-controllers-platform-1.9.2-natives-desktop.jar:/Users/dinosaadeh/.gradle/caches/modules-2/files-2.1/com.badlogicgames.gdx/gdx/1.9.2/e641cb91bec06bc64d9ddf7a7d7062caceec73cd/gdx-1.9.2.jar:/Users/dinosaadeh/.gradle/caches/modules-2/files-2.1/com.badlogicgames.gdx/gdx-box2d/1.9.2/b78eaa90aaaf7830e6dffff587ea6e859c2787b2/gdx-box2d-1.9.2.jar:/Users/dinosaadeh/.gradle/caches/modu
Launcher Type: SUN_STANDARD

Environment Variables:
PATH=/usr/bin:/bin:/usr/sbin:/sbin
LD_LIBRARY_PATH=/Library/Java/JavaVirtualMachines/jdk1.8.0_65.jdk/Contents/Home/jre/lib/amd64:/Library/Java/JavaVirtualMachines/jdk1.8.0_65.jdk/Contents/Home/jre/lib/i386:
SHELL=/bin/bash
DYLD_LIBRARY_PATH=/Applications/NetBeans/NetBeans 8.0.2.app/Contents/Resources/NetBeans/webcommon/bin:

Signal Handlers:
SIGSEGV: [libjvm.dylib+0x5a6d31], sa_mask[0]=11111111011111110111111111111111, sa_flags=SA_ONSTACK|SA_RESTART|SA_SIGINFO
SIGBUS: [libjvm.dylib+0x5a6d31], sa_mask[0]=11111111011111110111111111111111, sa_flags=SA_RESTART|SA_SIGINFO
SIGFPE: [libjvm.dylib+0x480a40], sa_mask[0]=11111111011111110111111111111111, sa_flags=SA_RESTART|SA_SIGINFO
SIGPIPE: [libjvm.dylib+0x480a40], sa_mask[0]=11111111011111110111111111111111, sa_flags=SA_RESTART|SA_SIGINFO
SIGXFSZ: [libjvm.dylib+0x480a40], sa_mask[0]=11111111011111110111111111111111, sa_flags=SA_RESTART|SA_SIGINFO
SIGILL: [libjvm.dylib+0x480a40], sa_mask[0]=11111111011111110111111111111111, sa_flags=SA_RESTART|SA_SIGINFO
SIGUSR1: SIG_DFL, sa_mask[0]=00000000000000000000000000000000, sa_flags=none
SIGUSR2: [libjvm.dylib+0x48055e], sa_mask[0]=00100000000000000000000000000000, sa_flags=SA_RESTART|SA_SIGINFO
SIGHUP: [libjvm.dylib+0x47eb35], sa_mask[0]=11111111011111110111111111111111, sa_flags=SA_RESTART|SA_SIGINFO
SIGINT: SIG_IGN, sa_mask[0]=00000000000000000000000000000000, sa_flags=none
SIGTERM: [libjvm.dylib+0x47eb35], sa_mask[0]=11111111011111110111111111111111, sa_flags=SA_RESTART|SA_SIGINFO
SIGQUIT: [libjvm.dylib+0x47eb35], sa_mask[0]=11111111011111110111111111111111, sa_flags=SA_RESTART|SA_SIGINFO


---------------  S Y S T E M  ---------------

OS:Bsduname:Darwin 14.5.0 Darwin Kernel Version 14.5.0: Mon Jan 11 18:48:35 PST 2016; root:xnu-2782.50.2~1/RELEASE_X86_64 x86_64
rlimit: STACK 8192k, CORE 0k, NPROC 709, NOFILE 10240, AS infinity
load average:3.27 4.73 4.51

CPU:total 4 (2 cores per cpu, 2 threads per core) family 6 model 69 stepping 1, cmov, cx8, fxsr, mmx, sse, sse2, sse3, ssse3, sse4.1, sse4.2, popcnt, avx, avx2, aes, clmul, erms, lzcnt, ht, tsc, tscinvbit, bmi1, bmi2

Memory: 4k page, physical 4194304k(85544k free)

/proc/meminfo:


vm_info: Java HotSpot(TM) 64-Bit Server VM (25.65-b01) for bsd-amd64 JRE (1.8.0_65-b17), built on Oct  6 2015 15:36:46 by "java_re" with gcc 4.2.1 (Based on Apple Inc. build 5658) (LLVM build 2336.11.00)

time: Wed Jun  1 22:30:22 2016
elapsed time: 16 seconds (0d 0h 0m 16s)

